yipin/accessibility/android/build/intermediates/manifest_merge_blame_file/debug/manifest-merger-blame-debug-report.txt
1<?xml version="1.0" encoding="utf-8"?>
2<manifest xmlns:android="http://schemas.android.com/apk/res/android"
3    package="com.zhut.accessibility" >
4
5    <uses-sdk android:minSdkVersion="16" />
5-->src\main\AndroidManifest.xml
6
7    <application>
7-->src\main\AndroidManifest.xml:4:5-8:19
8        <meta-data
8-->src\main\AndroidManifest.xml:5:9-7:33
9            android:name="flutterEmbedding"
9-->src\main\AndroidManifest.xml:6:13-44
10            android:value="2" />
10-->src\main\AndroidManifest.xml:7:13-30
11    </application>
12
13</manifest>